{"/home/newmanf/Projects/React/2022/Practices/practice-290922-vitest-tdd-01/src/01-fizzbuzz-function/fizzbuzz.js": {"path":"/home/newmanf/Projects/React/2022/Practices/practice-290922-vitest-tdd-01/src/01-fizzbuzz-function/fizzbuzz.js","all":false,"statementMap":{"0":{"start":{"line":1,"column":0},"end":{"line":1,"column":2}},"1":{"start":{"line":2,"column":0},"end":{"line":2,"column":46}},"2":{"start":{"line":3,"column":0},"end":{"line":3,"column":39}},"3":{"start":{"line":4,"column":0},"end":{"line":4,"column":39}},"4":{"start":{"line":5,"column":0},"end":{"line":5,"column":47}},"5":{"start":{"line":6,"column":0},"end":{"line":6,"column":68}},"6":{"start":{"line":7,"column":0},"end":{"line":7,"column":2}},"7":{"start":{"line":8,"column":0},"end":{"line":8,"column":0}},"8":{"start":{"line":9,"column":0},"end":{"line":9,"column":35}},"9":{"start":{"line":10,"column":0},"end":{"line":10,"column":88}},"10":{"start":{"line":11,"column":0},"end":{"line":11,"column":82}},"11":{"start":{"line":12,"column":0},"end":{"line":12,"column":0}},"12":{"start":{"line":13,"column":0},"end":{"line":13,"column":56}},"13":{"start":{"line":14,"column":0},"end":{"line":14,"column":17}},"14":{"start":{"line":15,"column":0},"end":{"line":15,"column":0}},"15":{"start":{"line":16,"column":0},"end":{"line":16,"column":62}},"16":{"start":{"line":17,"column":0},"end":{"line":17,"column":49}},"17":{"start":{"line":18,"column":0},"end":{"line":18,"column":4}},"18":{"start":{"line":19,"column":0},"end":{"line":19,"column":0}},"19":{"start":{"line":20,"column":0},"end":{"line":20,"column":40}},"20":{"start":{"line":21,"column":0},"end":{"line":21,"column":1}}},"s":{"0":1,"1":1,"2":1,"3":1,"4":1,"5":1,"6":1,"7":1,"8":1,"9":30,"10":30,"11":1,"12":27,"13":27,"14":27,"15":27,"16":81,"17":81,"18":27,"19":30,"20":25},"branchMap":{"0":{"type":"branch","line":9,"loc":{"start":{"line":9,"column":25},"end":{"line":21,"column":1}},"locations":[{"start":{"line":9,"column":25},"end":{"line":21,"column":1}}]},"1":{"type":"branch","line":10,"loc":{"start":{"line":10,"column":35},"end":{"line":11,"column":2}},"locations":[{"start":{"line":10,"column":35},"end":{"line":11,"column":2}}]},"2":{"type":"branch","line":11,"loc":{"start":{"line":11,"column":0},"end":{"line":11,"column":29}},"locations":[{"start":{"line":11,"column":0},"end":{"line":11,"column":29}}]},"3":{"type":"branch","line":11,"loc":{"start":{"line":11,"column":29},"end":{"line":12,"column":0}},"locations":[{"start":{"line":11,"column":29},"end":{"line":12,"column":0}}]},"4":{"type":"branch","line":13,"loc":{"start":{"line":13,"column":-1},"end":{"line":20,"column":24}},"locations":[{"start":{"line":13,"column":-1},"end":{"line":20,"column":24}}]},"5":{"type":"branch","line":20,"loc":{"start":{"line":20,"column":24},"end":{"line":20,"column":32}},"locations":[{"start":{"line":20,"column":24},"end":{"line":20,"column":32}}]},"6":{"type":"branch","line":20,"loc":{"start":{"line":20,"column":33},"end":{"line":21,"column":1}},"locations":[{"start":{"line":20,"column":33},"end":{"line":21,"column":1}}]},"7":{"type":"branch","line":16,"loc":{"start":{"line":16,"column":38},"end":{"line":18,"column":4}},"locations":[{"start":{"line":16,"column":38},"end":{"line":18,"column":4}}]},"8":{"type":"branch","line":17,"loc":{"start":{"line":17,"column":36},"end":{"line":18,"column":2}},"locations":[{"start":{"line":17,"column":36},"end":{"line":18,"column":2}}]}},"b":{"0":[30],"1":[2],"2":[28],"3":[1],"4":[27],"5":[2],"6":[25],"7":[81],"8":[45]},"fnMap":{"0":{"name":"fizzbuzz","decl":{"start":{"line":9,"column":25},"end":{"line":21,"column":1}},"loc":{"start":{"line":9,"column":25},"end":{"line":21,"column":1}},"line":9}},"f":{"0":30}}
,"/home/newmanf/Projects/React/2022/Practices/practice-290922-vitest-tdd-01/src/02-adventjs-25/adventjs-25.js": {"path":"/home/newmanf/Projects/React/2022/Practices/practice-290922-vitest-tdd-01/src/02-adventjs-25/adventjs-25.js","all":false,"statementMap":{"0":{"start":{"line":1,"column":0},"end":{"line":1,"column":2}},"1":{"start":{"line":2,"column":0},"end":{"line":2,"column":85}},"2":{"start":{"line":3,"column":0},"end":{"line":3,"column":91}},"3":{"start":{"line":4,"column":0},"end":{"line":4,"column":61}},"4":{"start":{"line":5,"column":0},"end":{"line":5,"column":98}},"5":{"start":{"line":6,"column":0},"end":{"line":6,"column":50}},"6":{"start":{"line":7,"column":0},"end":{"line":7,"column":100}},"7":{"start":{"line":8,"column":0},"end":{"line":8,"column":113}},"8":{"start":{"line":9,"column":0},"end":{"line":9,"column":108}},"9":{"start":{"line":10,"column":0},"end":{"line":10,"column":43}},"10":{"start":{"line":11,"column":0},"end":{"line":11,"column":2}},"11":{"start":{"line":12,"column":0},"end":{"line":12,"column":0}},"12":{"start":{"line":13,"column":0},"end":{"line":13,"column":41}},"13":{"start":{"line":14,"column":0},"end":{"line":14,"column":71}},"14":{"start":{"line":15,"column":0},"end":{"line":15,"column":67}},"15":{"start":{"line":16,"column":0},"end":{"line":16,"column":0}},"16":{"start":{"line":17,"column":0},"end":{"line":17,"column":48}},"17":{"start":{"line":18,"column":0},"end":{"line":18,"column":33}},"18":{"start":{"line":19,"column":0},"end":{"line":19,"column":0}},"19":{"start":{"line":20,"column":0},"end":{"line":20,"column":70}},"20":{"start":{"line":21,"column":0},"end":{"line":21,"column":41}},"21":{"start":{"line":22,"column":0},"end":{"line":22,"column":0}},"22":{"start":{"line":23,"column":0},"end":{"line":23,"column":27}},"23":{"start":{"line":24,"column":0},"end":{"line":24,"column":0}},"24":{"start":{"line":25,"column":0},"end":{"line":25,"column":41}},"25":{"start":{"line":26,"column":0},"end":{"line":26,"column":30}},"26":{"start":{"line":27,"column":0},"end":{"line":27,"column":26}},"27":{"start":{"line":28,"column":0},"end":{"line":28,"column":0}},"28":{"start":{"line":29,"column":0},"end":{"line":29,"column":51}},"29":{"start":{"line":30,"column":0},"end":{"line":30,"column":63}},"30":{"start":{"line":31,"column":0},"end":{"line":31,"column":0}},"31":{"start":{"line":32,"column":0},"end":{"line":32,"column":41}},"32":{"start":{"line":33,"column":0},"end":{"line":33,"column":3}},"33":{"start":{"line":34,"column":0},"end":{"line":34,"column":0}},"34":{"start":{"line":35,"column":0},"end":{"line":35,"column":13}},"35":{"start":{"line":36,"column":0},"end":{"line":36,"column":1}}},"s":{"0":1,"1":1,"2":1,"3":1,"4":1,"5":1,"6":1,"7":1,"8":1,"9":1,"10":1,"11":1,"12":1,"13":9,"14":9,"15":2,"16":5,"17":9,"18":2,"19":3,"20":9,"21":1,"22":2,"23":2,"24":2,"25":5,"26":5,"27":5,"28":5,"29":5,"30":1,"31":4,"32":4,"33":4,"34":1,"35":1},"branchMap":{"0":{"type":"branch","line":13,"loc":{"start":{"line":13,"column":27},"end":{"line":36,"column":1}},"locations":[{"start":{"line":13,"column":27},"end":{"line":36,"column":1}}]},"1":{"type":"branch","line":14,"loc":{"start":{"line":14,"column":33},"end":{"line":15,"column":2}},"locations":[{"start":{"line":14,"column":33},"end":{"line":15,"column":2}}]},"2":{"type":"branch","line":15,"loc":{"start":{"line":15,"column":0},"end":{"line":15,"column":31}},"locations":[{"start":{"line":15,"column":0},"end":{"line":15,"column":31}}]},"3":{"type":"branch","line":15,"loc":{"start":{"line":15,"column":31},"end":{"line":16,"column":0}},"locations":[{"start":{"line":15,"column":31},"end":{"line":16,"column":0}}]},"4":{"type":"branch","line":17,"loc":{"start":{"line":17,"column":-1},"end":{"line":18,"column":22}},"locations":[{"start":{"line":17,"column":-1},"end":{"line":18,"column":22}}]},"5":{"type":"branch","line":18,"loc":{"start":{"line":18,"column":22},"end":{"line":19,"column":0}},"locations":[{"start":{"line":18,"column":22},"end":{"line":19,"column":0}}]},"6":{"type":"branch","line":20,"loc":{"start":{"line":20,"column":-1},"end":{"line":21,"column":30}},"locations":[{"start":{"line":20,"column":-1},"end":{"line":21,"column":30}}]},"7":{"type":"branch","line":21,"loc":{"start":{"line":21,"column":30},"end":{"line":22,"column":0}},"locations":[{"start":{"line":21,"column":30},"end":{"line":22,"column":0}}]},"8":{"type":"branch","line":23,"loc":{"start":{"line":23,"column":-1},"end":{"line":25,"column":41}},"locations":[{"start":{"line":23,"column":-1},"end":{"line":25,"column":41}}]},"9":{"type":"branch","line":26,"loc":{"start":{"line":26,"column":-1},"end":{"line":34,"column":0}},"locations":[{"start":{"line":26,"column":-1},"end":{"line":34,"column":0}}]},"10":{"type":"branch","line":30,"loc":{"start":{"line":30,"column":22},"end":{"line":30,"column":50}},"locations":[{"start":{"line":30,"column":22},"end":{"line":30,"column":50}}]},"11":{"type":"branch","line":30,"loc":{"start":{"line":30,"column":52},"end":{"line":31,"column":0}},"locations":[{"start":{"line":30,"column":52},"end":{"line":31,"column":0}}]},"12":{"type":"branch","line":32,"loc":{"start":{"line":32,"column":-1},"end":{"line":34,"column":0}},"locations":[{"start":{"line":32,"column":-1},"end":{"line":34,"column":0}}]},"13":{"type":"branch","line":35,"loc":{"start":{"line":35,"column":-1},"end":{"line":36,"column":1}},"locations":[{"start":{"line":35,"column":-1},"end":{"line":36,"column":1}}]}},"b":{"0":[9],"1":[2],"2":[7],"3":[2],"4":[5],"5":[2],"6":[3],"7":[1],"8":[2],"9":[5],"10":[1],"11":[1],"12":[4],"13":[1]},"fnMap":{"0":{"name":"adventjs25","decl":{"start":{"line":13,"column":27},"end":{"line":36,"column":1}},"loc":{"start":{"line":13,"column":27},"end":{"line":36,"column":1}},"line":13}},"f":{"0":9}}
,"/home/newmanf/Projects/React/2022/Practices/practice-290922-vitest-tdd-01/src/03-react/Calculator.jsx": {"path":"/home/newmanf/Projects/React/2022/Practices/practice-290922-vitest-tdd-01/src/03-react/Calculator.jsx","all":false,"statementMap":{"0":{"start":{"line":1,"column":0},"end":{"line":1,"column":39}},"1":{"start":{"line":2,"column":0},"end":{"line":2,"column":33}},"2":{"start":{"line":3,"column":0},"end":{"line":3,"column":0}},"3":{"start":{"line":4,"column":0},"end":{"line":4,"column":51}},"4":{"start":{"line":5,"column":0},"end":{"line":5,"column":46}},"5":{"start":{"line":6,"column":0},"end":{"line":6,"column":28}},"6":{"start":{"line":7,"column":0},"end":{"line":7,"column":0}},"7":{"start":{"line":8,"column":0},"end":{"line":8,"column":33}},"8":{"start":{"line":9,"column":0},"end":{"line":9,"column":50}},"9":{"start":{"line":10,"column":0},"end":{"line":10,"column":0}},"10":{"start":{"line":11,"column":0},"end":{"line":11,"column":35}},"11":{"start":{"line":12,"column":0},"end":{"line":12,"column":60}},"12":{"start":{"line":13,"column":0},"end":{"line":13,"column":3}},"13":{"start":{"line":14,"column":0},"end":{"line":14,"column":0}},"14":{"start":{"line":15,"column":0},"end":{"line":15,"column":10}},"15":{"start":{"line":16,"column":0},"end":{"line":16,"column":13}},"16":{"start":{"line":17,"column":0},"end":{"line":17,"column":25}},"17":{"start":{"line":18,"column":0},"end":{"line":18,"column":0}},"18":{"start":{"line":19,"column":0},"end":{"line":19,"column":23}},"19":{"start":{"line":20,"column":0},"end":{"line":20,"column":57}},"20":{"start":{"line":21,"column":0},"end":{"line":21,"column":0}},"21":{"start":{"line":22,"column":0},"end":{"line":22,"column":35}},"22":{"start":{"line":23,"column":0},"end":{"line":23,"column":38}},"23":{"start":{"line":24,"column":0},"end":{"line":24,"column":32}},"24":{"start":{"line":25,"column":0},"end":{"line":25,"column":82}},"25":{"start":{"line":26,"column":0},"end":{"line":26,"column":24}},"26":{"start":{"line":27,"column":0},"end":{"line":27,"column":23}},"27":{"start":{"line":28,"column":0},"end":{"line":28,"column":15}},"28":{"start":{"line":29,"column":0},"end":{"line":29,"column":16}},"29":{"start":{"line":30,"column":0},"end":{"line":30,"column":11}},"30":{"start":{"line":31,"column":0},"end":{"line":31,"column":0}},"31":{"start":{"line":32,"column":0},"end":{"line":32,"column":38}},"32":{"start":{"line":33,"column":0},"end":{"line":33,"column":73}},"33":{"start":{"line":34,"column":0},"end":{"line":34,"column":23}},"34":{"start":{"line":35,"column":0},"end":{"line":35,"column":19}},"35":{"start":{"line":36,"column":0},"end":{"line":36,"column":11}},"36":{"start":{"line":37,"column":0},"end":{"line":37,"column":0}},"37":{"start":{"line":38,"column":0},"end":{"line":38,"column":82}},"38":{"start":{"line":39,"column":0},"end":{"line":39,"column":21}},"39":{"start":{"line":40,"column":0},"end":{"line":40,"column":17}},"40":{"start":{"line":41,"column":0},"end":{"line":41,"column":12}},"41":{"start":{"line":42,"column":0},"end":{"line":42,"column":14}},"42":{"start":{"line":43,"column":0},"end":{"line":43,"column":3}},"43":{"start":{"line":44,"column":0},"end":{"line":44,"column":1}}},"s":{"0":1,"1":1,"2":1,"3":1,"4":1,"5":1,"6":1,"7":1,"8":22,"9":22,"10":22,"11":10,"12":10,"13":22,"14":22,"15":22,"16":22,"17":22,"18":22,"19":22,"20":22,"21":22,"22":22,"23":22,"24":22,"25":22,"26":22,"27":22,"28":22,"29":22,"30":22,"31":22,"32":22,"33":22,"34":22,"35":22,"36":22,"37":22,"38":22,"39":22,"40":22,"41":22,"42":22,"43":22},"branchMap":{"0":{"type":"branch","line":5,"loc":{"start":{"line":5,"column":26},"end":{"line":5,"column":27}},"locations":[{"start":{"line":5,"column":26},"end":{"line":5,"column":27}}]},"1":{"type":"branch","line":6,"loc":{"start":{"line":6,"column":25},"end":{"line":6,"column":28}},"locations":[{"start":{"line":6,"column":25},"end":{"line":6,"column":28}}]},"2":{"type":"branch","line":8,"loc":{"start":{"line":8,"column":26},"end":{"line":44,"column":1}},"locations":[{"start":{"line":8,"column":26},"end":{"line":44,"column":1}}]},"3":{"type":"branch","line":11,"loc":{"start":{"line":11,"column":22},"end":{"line":13,"column":3}},"locations":[{"start":{"line":11,"column":22},"end":{"line":13,"column":3}}]},"4":{"type":"branch","line":22,"loc":{"start":{"line":22,"column":19},"end":{"line":23,"column":15}},"locations":[{"start":{"line":22,"column":19},"end":{"line":23,"column":15}}]},"5":{"type":"branch","line":24,"loc":{"start":{"line":24,"column":21},"end":{"line":25,"column":27}},"locations":[{"start":{"line":24,"column":21},"end":{"line":25,"column":27}}]},"6":{"type":"branch","line":25,"loc":{"start":{"line":25,"column":44},"end":{"line":25,"column":62}},"locations":[{"start":{"line":25,"column":44},"end":{"line":25,"column":62}}]},"7":{"type":"branch","line":32,"loc":{"start":{"line":32,"column":24},"end":{"line":33,"column":23}},"locations":[{"start":{"line":32,"column":24},"end":{"line":33,"column":23}}]},"8":{"type":"branch","line":33,"loc":{"start":{"line":33,"column":43},"end":{"line":33,"column":61}},"locations":[{"start":{"line":33,"column":43},"end":{"line":33,"column":61}}]},"9":{"type":"branch","line":38,"loc":{"start":{"line":38,"column":25},"end":{"line":38,"column":45}},"locations":[{"start":{"line":38,"column":25},"end":{"line":38,"column":45}}]}},"b":{"0":[1],"1":[2],"2":[22],"3":[10],"4":[88],"5":[220],"6":[8],"7":[88],"8":[2],"9":[1]},"fnMap":{"0":{"name":"get","decl":{"start":{"line":5,"column":26},"end":{"line":5,"column":27}},"loc":{"start":{"line":5,"column":26},"end":{"line":5,"column":27}},"line":5},"1":{"name":"get","decl":{"start":{"line":6,"column":25},"end":{"line":6,"column":28}},"loc":{"start":{"line":6,"column":25},"end":{"line":6,"column":28}},"line":6},"2":{"name":"Calculator","decl":{"start":{"line":8,"column":26},"end":{"line":44,"column":1}},"loc":{"start":{"line":8,"column":26},"end":{"line":44,"column":1}},"line":8},"3":{"name":"handleClick","decl":{"start":{"line":11,"column":22},"end":{"line":13,"column":3}},"loc":{"start":{"line":11,"column":22},"end":{"line":13,"column":3}},"line":11},"4":{"name":"onClick","decl":{"start":{"line":25,"column":44},"end":{"line":25,"column":62}},"loc":{"start":{"line":25,"column":44},"end":{"line":25,"column":62}},"line":25},"5":{"name":"onClick","decl":{"start":{"line":33,"column":43},"end":{"line":33,"column":61}},"loc":{"start":{"line":33,"column":43},"end":{"line":33,"column":61}},"line":33},"6":{"name":"onClick","decl":{"start":{"line":38,"column":25},"end":{"line":38,"column":45}},"loc":{"start":{"line":38,"column":25},"end":{"line":38,"column":45}},"line":38}},"f":{"0":1,"1":2,"2":22,"3":10,"4":8,"5":2,"6":1}}
}
